159351
279221
433401
377828
71898
122135
371089
416259
138663
342549
104432
72532
361401
183347
187018
378415
431510
417040
313046
261357
107888
113544
375260
151065
406826
301569
310844
321238
135781
287159
353271
368782
358094
206702
287525
322941
262600
162009
464528
295154
444930
368692
212515
439456
402117
252453
460279
252696
315478
130114
284772
429391
353801
244599
165541
353643
251288
162629
272775
413373
175869
140246
149806
353129
297965
221891
269991
124035
383414
179817
125439
385505
461453
262624
412591
274409
444718
371104
433168
104879
213532
71736
95989
143202
124498
177687
441441
147458
164837
274110
440583
175418
370474
190278
396028
195779
215793
162989
105860
410090
116082
90599
186455
271955
382758
211743
200551
452932
123219
253030
339958
117118
415631
177450
302515
119698
128545
399480
226189
396262
257665
171454
92727
386074
334727
131241
435548
379244
125047
397793
284137
212355
206598
203967
254303
221710
292332
109285
87748
210065
278956
176502
365764
271342
294855
164901
378266
330245
310857
276761
74040
445422
376636
159156
309984
327124
205758
255499
117920
336259
378069
308152
359984
405379
279198
310323
127279
372292
364985
356230
392649
203668
428058
256087
347768
454056
195325
243724
307609
389061
76326
256666
281182
147046
238865
189039
120645
397264
273906
369097
338673
306107
183111
194490
445174
256818
258272
359835
262491
174295
149225
218387
358962
339817
309827
317196
336630
166148
217450
102256
360476
232398
265595
393376
420288
236391
217940
218538
359030
152829
423168
104674
242995
350589
422409
142733
382191
384041
182684
407940
433844
376738
111142
408100
289053
100711
286029
207018
140883
428718
238967
412910
284665
366651
416017
131344
459724
199588
378963
281271
158384
181997
369077
174388
371207
132066
294694
246669
284450
248179
322846
165555
461532
251890
201393
65356
411163
266907
405221
195850
110144
144799
108218
408051
193302
314613
288124
209508
401840
266247
348651
286618
394675
119257
236934
412897
84042
232213
395018
127261
327997
439755
155837
85934
154615
207461
184229
242180
108959
135428
310977
282258
338992
84478
346584
250933
415958
370240
291310
187216
335829
412942
71125
405054
170440
259709
417198
89114
167787
163340
145543
263269
246591
438774
188192
390177
404728
321944
366943
212115
223521
310179
243073
281458
237817
350443
220875
433478
110171
330878
209580
143657
319720
435381
217239
259163
363100
318110
136053
401134
166275
224089
114001
311639
250551
377556
356584
376560
426993
94714
216117
440832
231927
417706
170986
322542
325645
236605
71383
170321
468501
411854
355233
274196
368341
245573
402196
352460
276538
285118
293384
347542
292090
73758
194658
467764
201839
336106
434852
449423
191405
80848
378889
189847
298169
174917
482953
417356
178173
260931
402369
79147
391884
422585
226560
260265
395934
232273
326996
426317
375741
219777
266217
259680
456049
115047
451876
301516
122293
100184
178658
372133
280956
107720
364853
423236
80600
113837
135430
350124
85513
148629
199184
192675
81991
433270
426169
331654
133939
78629
378784
84015
199565
369553
148372
439297
438813
421707
116960
348594
393491
126471
386328
188630
449618
290134
445469
427803
282230
382104
322671
146416
356328
141758
236339
302149
234790
255822
399793
256038
120770
381926
208614
274098
178714
379995
261755
168569
90799
128545
300144
292206
419653
112340
353608
367576
391053
364036
473910
106077
235578
288120
240332
115317
444888
235979
237768
445799
188713
305612
322616
258034
189386
174976
281668
347398
285624
141254
185519
137145
165338
246150
85622
282830
321313
382420
280989
403020
234127
102258
135835
265661
307104
208335
117384
217350
414318
466233
222640
341916
220638
189283
117612
296152
115737
290151
409146
210945
430293
187486
147394
418072
230160
95818
134463
446462
445514
181568
198676
405403
427458
460163
454546
270915
150247
97593
336000
328336
372490
210973
463502
347610
137297
129009
265660
117450
200817
62595
114824
98599
415813
190092
89702
405447
137527
170885
250027
305104
153639
431692
243474
131184
143170
415793
274721
418147
183146
450923
317361
219210
239874
69999
247185
94277
326620
222780
107465
101558
249976
88760
405898
114765
364978
194276
389797
408777
79586
186780
271758
325503
245048
66851
344868
351623
327696
241642
330763
351691
102588
467406
287434
286716
290680
150389
349167
368493
246688
293294
471317
141859
207081
104737
371572
442296
199084
255019
338020
294676
217165
232286
91933
86715
190611
385006
395779
184800
276767
420213
215093
328106
229870
246397
391335
241950
316792
335949
335850
394662
391942
156838
316175
477244
98935
464181
70248
376054
111124
93709
324180
441458
403043
384984
113341
384346
156916
80445
368408
230622
246649
418096
281473
162942
452504
257030
364005
417352
269062
71574
367110
440576
210981
263881
338865
265904
316140
381193
130514
113492
481324
145630
387738
76526
363699
442285
408606
281848
228359
280146
258615
180148
104136
430811
180303
112630
202411
196342
346623
240344
379597
143987
376941
78787
278480
163396
355685
156448
164079
224124
151200
130617
303427
374825
428079
161432
377095
63822
340711
81529
362835
179688
344256
232244
200230
82556
93582
377372
163549
226091
77755
381046
374595
448068
215262
261185
279031
266030
83775
255678
455031
167163
416428
116613
162473
175611
88829
421519
80190
186032
397184
164526
382801
378339
376573
362742
91673
114178
413504
454246
341578
187577
118202
353304
135883
131433
387952
382147
156208
374482
402012
260101
236071
93510
170349
137574
310353
78857
145956
308399
286798
367595
442887
86181
435000
226849
341130
293474
87997
455669
191356
267965
347592
225981
289403
284133
421327
104781
318322
76329
117382
389597
91139
367087
257113
240242
416887
224858
104942
319353
434901
184521
274971
141730
236055
423012
253476
270873
401988
366224
159693
416397
274929
343325
456401
279053
208191
339746
354328
291666
393649
64294
230999
173578
409977
192675
272378
263166
327627
314370
362302
368947
374065
179289
234855
152170
337400
418963
457235
275829
282002
448508
89352
399157
451811
127674
141907
76468
249395
119625
231260
314844
78548
421583
434829
279903
417020
416823
250654
411303
64495
128933
315712
414168
391088
174192
136585
237540
169522
192739
269896
230808
375560
311185
462297
168316
134190
306639
169528
220116
336559
203715
281552
294897
263329
136141
324015
287754
155575
315835
424364
84718
384665
118094
181469
434085
89699
102002
262024
334139
82251
341435
314468
400504
275872
427046
410465
316887
85615
234560
218761
227365
393658
211090
124564
139528
141879
126361
179654
370614
146602
419996
445262
281412
163538
318399
148973
182179
246446
401165
439018
77339
164222
408853
437317
355475
102993
96716
83641
321248
292509
330861
84540
318645
314952
333609
241776
443723
306929
420666
94091
105360
396476
206924
160985
134602
435694
398431
393769
279486
355997
188115
354223
134694
85570
71716
402720
245764
442315
188838
286964
127975
259427
406230
408839
366641
394172
231859
129842
274290
353972
301046
125927
109256
474690
270212
299560
214029
229371
157133
372439
118559
142631
442490
290699
151334
435766
288196
353803
130557
442724
440290
322839
137704
425728
116489
73874
192561
337989
239635
100350
64282
330964
304723
272084
283417
133071
471214
101805
99417
435875
290245
410560
113611
94099
89503
394247
374011
355923
187280
311181
88681
153137
415756
169915
328157
432674
87863
120538
330166
267693
251281
280675
321228
184184
223671
402098
378477
437672
208501
71524
73912
375630
331102
289639
216753
373346
390163
89170
378976
223840
89839
211466
96943
211765
400621
384385
336940
57676
419820
155134
317540
153049
114942
145716
361166
102513
182920
377706
398145
126479
217861
380264
454685
184455
337423
253417
461614
269085
266263
461948
382807
292809
387490
98850
309301
381614
284408
258584
231748
417024
317230
357206
340549
388403
72663
128328
329616
450683
269145
230712
115297
454075
405290
129054
274225
299537
86229
123890
163936
333062
345569
340124
387219
310413
347990
408779
442374
391228
91889
477142
375881
409009
152101
335255
144137
403177
390830
346227
303639
139084
265593
113808
432410
448865
138507
429733
418823
317714
428776
109100
175870
149557
172866
277215
285225
144844
73515
418761
157967
190056
354373
129323
186663
225605
182067
425490
128455
190962
147511
165276
172295
103308
95557
197154
108499
397108
172612
381055
242365
137715
109876
71053
158426
293258
383650
193492
396796
252530
113483
98216
215810
415586
131336
451143
217624
460266
408004
120986
129742
366244
172184
337441
415423
274945
443062
241852
152661
401856
80069
433586
424746
128708
223873
359531
326599
173299
310221
303098
145047
379465
140591
178014
104140
230088
81183
173306
406258
288572
152208
86800
397238
388226
288864
199757
451050
277020
371530
184941
293404
113098
335278
124254
314614
123003
347754
147580
366834
232912
153821
320091
397444
188571
327096
439123
123690
451641
299205
123294
305641
374564
427829
141398
73926
268145
373493
216766
328508
103023
374144
353191
465198
216417
386548
292403
242868
214955
103046
454863
300862
292659
184113
165097
140888
348394
135229
437855
314577
393803
148208
401586
125595
251658
385695
433301
412979
326902
439341
333122
199509
359111
136105
430754
199860
425988
436344
338228
159178
363355
392737
432043
365164
382003
425250
91814
134787
311844
139909
354769
400777
103398
363597
137920
93867
102852
174306
313652
207318
206341
253619
241776
369873
371042
426528
207632
130434
139727
348071
165588
439547
320628
415889
268410
372668
425825
442684
87676
369630
459897
173249
339579
113221
154181
346671
193687
311702
175446
211697
126825
76674
146011
360714
118370
340126
421960
95894
240869
317786
89717
449957
177940
237503
394153
252632
96466
183108
451622
385939
229242
470407
363869
268808
138667
315734
130914
360772
103141
247398
385907
419624
97971
170733
279522
101204
281433
394323
262529
202463
307522
73987
192855
287150
124996
233928
447370
93596
160140
422915
178570
188850
285614
101049
188636
362834
161337
262516
127153
285004
155325
331969
371865
402181
320724
330049
256484
365186
242744
340042
368822
86079
372370
257805
224555
357748
218398
140011
243941
364911
190169
125030
405887
266540
237279
300434
444017
158099
267827
120381
176416
338211
252022
94202
305335
467130
384945
385081
380015
249835
448869
364057
378433
127370
181215
248378
217113
392236
190187
169116
115960
308184
142218
295310
321949
355482
148537
457599
384293
258010
305083
294290
308906
233782
90226
362190
104740
394646
376700
369317
182598
160919
336749
149720
289294
76925
132945
163261
326064
444587
416111
174857
383369
115799
239601
268960
253776
76775
378807
78153
156108
185984
118132
414571
87608
75450
377198
140627
432010
361804
372772
319088
312660
315662
403605
297861
155372
315239
318063
82844
216912
180570
186955
183415
361559
221349
113307
111387
161749
117640
78067
109385
414452
420406
352128
388068
293140
261062
193536
316121
300955
308439
403405
313417
369625
62523
156125
152970
405055
439888
68330
421966
416373
180162
221933
104011
218672
128009
137302
162476
347833
106369
182849
186241
151368
301194
70623
245001
86300
264869
333484
215921
368633
410062
407288
218965
349440
380765
382912
153453
299876
178139
267839
116717
185992
216177
327502
259118
397078
262524
180546
447826
386032
225804
313936
195753
78931
374396
351149
71219
64984
399829
176037
225027
82693
253459
277491
298096
278127
272780
272274
100285
298737
428345
457359
363503
54970
448458
400120
267325
284280
157187
251398
358158
328194
154598
334507
429588
280099
396800
395434
284701
447030
342525
418359
166793
72980
113927
431739
205584
147278
356027
240711
297460
324346
114827
440873
100082
239618
325365
226755
248600
75642
241672
59004
316697
402105
405687
182592
205270
310221
421480
366019
249507
70694
159806
290854
88580
129461
157369
400806
72633
226731
185962
433087
258207
149432
173982
144828
100678
291781
321994
104659
318099
88482
222767
142412
193370
196039
216973
381424
431250
173494
342680
140618
247932
101502
364838
409818
324134
344970
193807
350920
87807
239660
92430
372668
63253
231203
442512
221155
119628
218366
215693
117969
138773
299898
356347
297550
357178
214191
112803
365080
105530
242932
192633
354256
268974
310109
365110
441500
297571
329832
337645
437360
437741
339141
323456
340176
109772
206306
214353
174072
85879
230560
129739
83947
117774
143974
217906
343857
235854
307790
360101
99602
401224
369425
423674
250842
72711
330358
314546
169420
329359
120464
233220
124468
399397
66840
139305
125175
392795
162435
458989
395994
275033
209049
68270
204331
370887
189431
315410
200578
230395
158923
425359
376127
335510
283763
270443
126373
421737
154530
274740
305657
452940
130380
126182
86237
360211
189232
222638
212878
165369
114034
318359
389567
223973
268440
170361
414183
379683
260108
383467
267452
403615
111936
96421
382690
180580
322120
381187
230017
292904
398599
387818
109994
406680
408959
186546
94580
164208
231523
423315
436921
304761
204043
222945
212718
447614
311981
342464
228179
226931
208511
245379
341437
160033
336091
325823
457589
249959
423552
390488
223280
150946
117080
244345
335653
122093
414905
294692
352654
438577
169226
325039
85390
115457
420814
381043
457729
397865
201378
208930
362804
230569
182805
404806
224556
128895
161980
126075
254117
123614
135854
471733
283467
118805
153321
161889
184643
357047
369779
128489
289959
326411
396491
269810
252127
279407
368892
169458
430459
312409
158094
429412
398108
67248
330327
388843
213852
258522
282774
227899
355125
224213
457072
305591
333033
290163
203215
87367
147931
244999
449246
465241
163720
138757
141588
148506
279685
126490
156010
456388
260179
342566
243747
73092
123020
298480
205471
128960
161250
177253
384314
349963
217192
155661
316667
68186
413652
445421
75496
311218
377963
220328
225533
179664
402517
99876
127098
231142
146854
169841
427046
190677
151430
206563
419924
136678
170917
105908
127187
418262
425313
281719
238503
122715
255501
444942
162972
202702
140929
388660
156724
434929
327499
340984
323875
202326
278838
141938
266885
165335
167936
272864
281420
372023
336550
410360
449463
232163
179771
135503
227322
172254
359653
168443
100873
302611
180295
370639
115593
443846
392209
147953
224780
262941
132390
410192
336090
270262
159957
437813
97493
117016
430093
178655
224398
197108
423634
289890
380217
268264
81147
389969
397938
119245
354655
305170
337597
135865
261945
353283
152532
277185
344257
105026
182027
97863
231111
406343
79882
468243
77784
312951
245035
201519
72030
260017
334706
397200
227914
157531
415913
200381
371773
132265
132525
306995
446025
204167
335732
447121
359929
234374
121219
209692
311153
206389
78093
236772
231500
417349
466271
427989
205800
250396
160666
339357
326810
146361
449525
443978
302443
176932
209740
344173
422405
131016
117804
186353
435648
136646
131771
346357
106528
381534
459624
125097
93204
275295
141251
296531
274078
391199
263983
296820
421408
123181
276896
327828
256823
398429
67432
107234
394509
148414
343686
276841
471197
240706
420812
408163
118677
459750
261720
290577
141356
181926
333154
80629
339756
230339
163384
226051
206180
208990
274666
204567
270266
347528
344390
229083
207552
391057
208368
442345
325434
395015
137757
86406
395043
229684
255169
201669
204565
110319
136739
227168
240959
119964
130271
417960
362772
399257
283951
223942
138766
229929
152780
371767
389127
416653
280642
256860
408460
329904
200729
359634
215683
333463
268296
283080
396614
373098
360017
203566
199127
334550
72716
459385
381612
149150
341736
101856
122310
184790
429265
281098
293409
379108
381733
373790
336344
193695
107418
353480
79787
172605
274107
239014
74645
370469
413157
77878
195084
356518
179843
245874
145905
201755
177215
105448
449619
392861
363472
253569
303844
167856
184980
420979
349760
380907
182445
405891
144441
261365
123521
127602
255615
171912
411580
236210
113528
251440
418365
115573
328720
154573
169675
360030
275439
167806
209564
102967
146054
365713
324144
192358
149386
228094
189702
340035
445381
343153
427555
413890
198148
179517
453953
128185
308666
227765
249451
278037
243337
115757
383217
464441
128296
394800
378165
273146
425966
303952
442574
385711
414901
193541
397334
258919
437395
238043
78819
128583
347977
236909
191553
82062
309680
284902
257058
415662
362150
402864
176967
275999
315494
198426
338790
71418
149879
84364
328534
396784
395825
298106
70150
359206
401172
267912
109648
322061
239183
291964
190971
171801
413795
232170
342686
134710
101793
155996
233834
101111
427234
103205
228482
379706
351248
395956
172489
301310
430598
99011
162065
176128
420178
181185
412299
92066
217840
215649
427808
271757
441789
254778
78432
144482
382649
386952
406856
108340
128686
306792
385310
422000
453866
151681
329422
348957
368017
146442
62699
97315
289053
385476
408057
139266
227749
330765
363878
125475
286853
238312
77047
303307
225216
166384
352797
418187
360715
223439
328551
387665
440986
294554
293895
146732
283435
394006
425457
107934
233463
263209
131089
229902
215314
104547
406592
209350
114295
247612
149329
411895
234784
232435
86205
435945
191529
145472
109757
360753
459753
318331
274168
93536
400679
455683
161471
408157
337400
243925
143041
230520
121538
192169
150786
307649
331611
410241
291547
348976
325469
128414
343093
129792
421034
102233
393005
235634
313105
312018
330948
330403
271847
168720
104800
401799
382397
334135
173173
216512
283807
393247
438377
290296
206631
234441
356465
381880
97081
416517
138379
239016
305421
207025
119681
108456
217602
409185
327790
88605
69057
288818
455874
242746
66999
90459
219757
368566
419816
334754
401811
67975
167491
66333
361370
295910
277260
309427
110900
446559
319538
73325
326408
364952
155654
382583
207089
419971
245153
446332
241341
180705
151892
179650
77010
311721
249325
424177
377445
435477
75519
208800
161290
85360
351844
371681
105896
252306
480945
325229
220857
133079
379999
271411
413471
115737
383230
305625
231067
191262
154350
284356
260986
232224
342707
305821
352015
223583
159992
155991
428468
332780
325764
233837
397091
92955
416282
160071
360942
65262
417591
446788
104708
83278
221732
124026
462391
318155
103868
145630
400070
334402
106589
127015
56726
308290
363645
141953
177497
451111
248185
199883
443255
118406
245453
232413
444790
70392
140476
208490
118782
419703
444323
305547
226795
214854
224874
269035
359532
304556
342857
240988
150356
214470
182564
140280
406772
167077
409990
116483
105799
168829
183900
329065
423966
159149
243851
280105
241635
247922
231701
145959
145430
405066
357729
326209
221739
360792
190934
249766
239468
139376
336017
325546
223678
426527
115685
444393
221287
287152
311176
67455
342442
148411
96940
379000
105901
240052
274588
356523
405903
286370
403200
134144
143766
461652
347371
341960
400144
259618
87330
269022
177793
216306
424350
200447
200220
378906
154312
123330
442449
370442
314992
339890
380041
231068
428275
468626
358731
245471
350154
230316
454619
175481
205425
304958
265911
89626
269857
175916
88356
353879
436779
199889
424363
319624
146517
288435
265534
354043
265808
344846
448224
343142
223860
374718
148994
447112
406947
293127
460692
249331
110406
92840
173664
98840
218822
399464
413344
373737
352747
94065
214978
148946
407359
193033
312806
265473
182867
109363
352047
151744
447289
307325
150879
381261
194002
344464
182491
360041
223070
386741
384282
400685
297363
166925
387043
184523
251019
250530
234785
123627
398258
256188
283972
290216
171876
67990
72728
253488
100931
240077
96435
441225
263575
130173
168533
73518
229893
348531
296503
278097
340445
447074
396820
456916
95939
380698
389192
389784
321930
418663
352591
206199
80193
100869
278921
152222
321104
290894
333470
95987
294553
83894
236911
351950
95155
106626
206918
380323
251547
439224
302516
119768
224417
202720
417956
443652
421257
256600
384969
185163
315264
148372
389448
288623
211694
89560
145193
421521
329845
210714
248794
149116
323889
149239
276577
402223
345491
124554
114124
396199
185166
278481
425705
340146
205034
99254
313944
446162
344544
334227
283220
242824
275738
137607
338472
193424
83835
419753
322751
283968
369473
301593
363633
67170
377344
67857
82331
324896
387240
93726
321187
396979
137441
238055
189948
139317
317881
319540
187563
293898
116255
72375
197283
338965
363885
76459
296704
440600
236785
84432
243802
405856
191604
413208
151437
138101
360584
127457
224988
469918
219474
219615
169976
353706
226452
331238
146117
219696
306792
248516
257421
369620
214972
166198
356419
213541
258492
192071
251033
181155
216703
137292
433354
411433
355921
347221
208572
263530
184496
269131
88874
154020
189881
349133
249452
413205
77956
341813
232132
289817
371694
261962
449776
435687
436428
293075
269456
307433
178748
92015
461033
133338
203667
123299
221096
154662
95076
221938
