[116,121]
[52]
[19,53]
[103,314]
[36,123]
None
[121,210]
[31,71]
[193]
[47,157]
[151,188]
[15,37]
[49,187]
[7,13]
None
[6,68]
None
[14,136]
[95,121]
[62,67]
[83,122]
None
None
[96,128]
[30,65]
[143,150]
[58,306]
[104,165]
[6,63]
[3]
[90,225]
[20]
[115,166]
[75,118]
[103,106]
[45,161]
[19,67]
None
[125]
None
[2]
[109,113]
[105]
[82,155]
[94,166]
[133]
[16,60]
[191,273]
[21,49]
[34,42]
[20,91]
[25,194]
[68,74]
[3]
[67]
None
None
[70]
[14,69]
[30,90]
[4,68]
None
[138,160]
[7,13]
[69]
[41]
[15,78]
[56]
[92,104]
[102,243]
[9,50]
None
[9]
[16,122]
None
[44]
[26]
[219,268]
[20,80]
[51]
[39]
[70,184]
[130,132]
[31,61]
[86,124]
[2,14]
[108,138]
[78,181]
[117,121]
None
[31]
None
[36,176]
[216,246]
[262,289]
[31,212]
None
None
[11,65]
[239]
None
[54]
[115]
[128]
[7,23]
[51,210]
[18,74]
[3,11]
None
[74,113]
[78,80]
[71]
[100,203]
[9,185]
[30,51]
[55,118]
[56,89]
[25]
None
None
[99]
[56,92]
[23,110]
[9,166]
[12,34]
[65,77]
[47]
None
[52,166]
[37,169]
[232]
[19,232]
None
[14]
[31,313]
[29]
None
[109,222]
[59]
[76,190]
[9,46]
[36,41]
[4,17]
[14]
[22,91]
[173,195]
[127,218]
[144,175]
None
[83,122]
None
[109,147]
[53]
[71,225]
[59,72]
[13,18]
[119,153]
None
[56,111]
[51,236]
[43,76]
[153,184]
[59]
[48,51]
[74]
[39,54]
[19]
[34]
[13]
[149,244]
None
[12,85]
[26]
[171]
[19,67]
[3]
[122]
[103]
[145]
[26]
[40,149]
[23]
[21,128]
None
[59]
[107,132]
[101,118]
[43,86]
[31,46]
[80]
[20]
[48,131]
[206]
[50,81]
[30,77]
None
[55]
[25,151]
[18,45]
None
None
[68,87]
[17,209]
[57]
None
[40,110]
[109,153]
[2,106]
[19]
[22,27]
[49]
[52,288]
[110,249]
None
None
[3,15]
[221]
[176,305]
[45,74]
None
[77]
[67,75]
[197,297]
[44]
[62,224]
[55]
[9]
[209,234]
[38,152]
None
[15,55]
[65,75]
[157]
[22,140]
[3,96]
[51]
[56]
[52,66]
[168]
[165,176]
[136]
[133,317]
[203]
[14]
[167]
[52,64]
[131,254]
[33]
None
[35]
[24,189]
[166,184]
[19,257]
[81]
[59]
[158,212]
[65]
[33,98]
[4,11]
None
[2,85]
[33,211]
[12,30]
[31,150]
[56,89]
[31,76]
[67,74]
[61]
[23,152]
[113]
[48,60]
[38]
[12,149]
[24,62]
[44,60]
[113]
None
[42,138]
[24]
None
[5]
None
[102,115]
[12,16]
[58,59]
[37,112]
[4,46]
[76]
[181]
[178]
[15]
[56]
[62,110]
[8]
[27]
[83,119]
[48,215]
[21,120]
None
[25,46]
[22]
None
[73]
[13,55]
[54,67]
[150]
None
[84,87]
None
None
[82,261]
[169]
[66,149]
None
[68,87]
[5,54]
[202,210]
[36,121]
None
None
[21,74]
[46,119]
[67]
[59,151]
[44]
[231,282]
[42,132]
[48,166]
[72]
[84]
[72]
[15]
None
[19]
None
None
None
None
None
[34,196]
[56]
None
[206,289]
[147,251]
[50,57]
[18,61]
[68,75]
[15,59]
[40,193]
None
None
[70,114]
[23,35]
[57,75]
[82,234]
[5,75]
None
[10]
[9,38]
[1,12]
[195]
[16,34]
[64]
None
[23,54]
[20,99]
[145]
[4,84]
[114,182]
[13,18]
[51,98]
None
[19,55]
[344]
[97]
[156]
[22,27]
[107,179]
[51,116]
[138]
[21,24]
None
[117,121]
[37,161]
[80,90]
None
[20,35]
[32]
[59,207]
[174,263]
[34,126]
None
[87,119]
[112,275]
[65]
[8,14]
[76,92]
None
[6]
None
[66,79]
[21,115]
None
[83,138]
[4]
[73,171]
[6,27]
[248]
[21]
[89]
[37]
[114]
None
[100,124]
[55]
[25,212]
[148,205]
None
[70]
[4,62]
[117]
[44,96]
[90]
[21]
[9,38]
[55,57]
None
[6,20]
None
None
[26,80]
[6,186]
[9,339]
[41]
[84,85]
[63,221]
[33,50]
None
[13]
[10,19]
[69,103]
[43]
[80,82]
[38,52]
[132]
[60,83]
[120,150]
[92]
[107,114]
[129,147]
[107]
[172,213]
[75]
[311]
[46,126]
[7,10]
[23,32]
[24,52]
[13,106]
[5,114]
[4]
[45,81]
None
[27,231]
[129,233]
[58,73]
[135]
[25,48]
[348]
[65,79]
[69]
[13,45]
None
[134]
[120,130]
[21]
None
[148,208]
[26,28]
None
[4,26]
[108,128]
[9,43]
[131,145]
[22,57]
[80]
[86,160]
[34,218]
[28,173]
None
None
[92,102]
None
[2,39]
[61]
[5,88]
[246]
[1,2]
[5,147]
[24,44]
[4,128]
[139]
None
[56,93]
[19,37]
[22,253]
[12,133]
[14]
[20,152]
[29]
[51]
[114,169]
None
[59,67]
[6,41]
[173,194]
[59]
[94,130]
[162]
[31,40]
[209]
None
[238]
[20,45]
[99,123]
[57,84]
[39]
[234,256]
[3,239]
[181,188]
None
[16,44]
[28,87]
[38,80]
[25,150]
None
[63,143]
[12,23]
[23,24]
[39,80]
[167]
[20,94]
[108]
[13]
[38,47]
[47]
[24,50]
[11,47]
[142]
[97]
[219]
[9,96]
None
[22]
None
[32,40]
[34,47]
[16]
[4,72]
[259]
[82]
[1,5]
[87]
[11,40]
[2,10]
[46,162]
[56,123]
[48,110]
[91]
[2,7]
[147]
[7,25]
[130,142]
None
[26,42]
[56]
None
None
[103]
[5]
[19]
None
[134,141]
[168,174]
None
[277]
[49,52]
[131,157]
[40,123]
[278]
[57,92]
[36]
[22,50]
[3,33]
None
None
[30,44]
[80]
[62]
[64,106]
[97]
[92,208]
[83]
None
[121,277]
[44]
[10]
[135,282]
None
None
[132,184]
[10]
None
[159]
[69,261]
[20,151]
[208]
[109,177]
[35,100]
[31,165]
[52,79]
[165]
[80]
None
[75,320]
None
[48,156]
[90]
[126,210]
[25]
[195,344]
[89]
[40,42]
None
[11,61]
[7,154]
[250]
[63,87]
[40,161]
[139,180]
[20,27]
[104,149]
[144]
[3,11]
[20,22]
None
[4,14]
[154,172]
None
[9,23]
None
[142,161]
[35,138]
[11]
[7,14]
[170]
[73,122]
[4]
[244,272]
[100,135]
[29,59]
[70]
[170]
[56,111]
[301,347]
[6,28]
[154,182]
[70,253]
[156]
[43]
None
[43,55]
[211,212]
[136,157]
[32,61]
[85,98]
[30,132]
[98,111]
[36]
[91]
None
[109,185]
[14]
[3,16]
[16]
[53,225]
[3,33]
[33,60]
[8,21]
[6]
[31,34]
[26,102]
[52,184]
[3]
[41]
[43,47]
[150]
[88]
None
[8,41]
None
[84]
[51,164]
[267]
[60,62]
[80]
[31,293]
[15,32]
[15]
None
[2,7]
[165,167]
[105,109]
[123,212]
[18,49]
[54]
None
[67,122]
[81,222]
[21,90]
None
[164,277]
[64]
[5]
[58,97]
[246]
[8,207]
[3,83]
None
[58,64]
[104]
[94]
None
[105,159]
[160]
[40,142]
[113]
[84,165]
[23,197]
[18,19]
[74,156]
None
[35,75]
[43,49]
[97,118]
[8,23]
[46,49]
[82,91]
[148]
None
None
[115,231]
[5,71]
[1]
[93,101]
[271]
[155,223]
[41,87]
None
[21,25]
None
[87,89]
[82]
[215]
[115,121]
[162]
[11]
[50,75]
None
None
None
[6,11]
None
[9,30]
None
[150,211]
None
[93,196]
[21,53]
[61,147]
[24]
[49,71]
[111,156]
[28,202]
[185,188]
None
[65,148]
[69,96]
None
None
None
[11]
[38,64]
None
[124,171]
None
[71,216]
[100,151]
[4,25]
[118]
