[6,62]
None
[1,21]
[7,73]
[40,95]
None
[31]
[50]
[24,65]
[5,11]
None
[7]
[4,132]
[15]
[22]
[40,42]
[53]
[16]
[9]
[44]
[34,46]
[8,23]
[54]
[60]
[116]
[30,64]
None
[2,36]
[21,39]
[118]
[47]
[30,80]
[59,74]
[4]
[21,24]
[26]
[21]
[82,92]
[29]
[32]
[8,17]
[8,19]
None
[9]
[19,113]
[4]
None
[7,10]
[3,10]
[34,63]
[10,67]
[2,12]
None
[50]
[35,68]
[8,20]
[21,111]
None
None
None
None
None
None
[13,104]
[40,55]
[24]
[14,32]
[20,26]
None
[17,44]
[7,28]
None
None
[42,60]
[15]
[84,109]
[12,16]
[9]
[12,20]
[50]
[1,83]
None
[62]
[25,41]
None
[20]
[90,106]
[55,126]
[14,28]
[32,87]
[58]
[63]
[1]
[6]
None
[14,76]
[38]
None
[62]
[15,22]
